nohup: ignoring input
/home/aviran/miniconda3/envs/alon_env/lib/python3.9/site-packages/transformers/utils/generic.py:260: FutureWarning: `torch.utils._pytree._register_pytree_node` is deprecated. Please use `torch.utils._pytree.register_pytree_node` instead.
  torch.utils._pytree._register_pytree_node(
/home/aviran/miniconda3/envs/alon_env/lib/python3.9/site-packages/huggingface_hub/file_download.py:1150: FutureWarning: `resume_download` is deprecated and will be removed in version 1.0.0. Downloads always resume when possible. If you want to force a new download, use `force_download=True`.
  warnings.warn(
/home/aviran/Alon/Thesis/FMatrixRegressor.py:338: FutureWarning: You are using `torch.load` with `weights_only=False` (the current default value), which uses the default pickle module implicitly. It is possible to construct malicious pickle data which will execute arbitrary code during unpickling (See https://github.com/pytorch/pytorch/blob/main/SECURITY.md#untrusted-models for more details). In a future release, the default value for `weights_only` will be flipped to `True`. This limits the functions that could be executed during unpickling. Arbitrary objects will no longer be allowed to be loaded via this mode unless they are explicitly allowlisted by the user via `torch.serialization.add_safe_globals`. We recommend you start setting `weights_only=True` for any use case where you don't have full control of the loaded file. Please open an issue on GitHub for any issues related to this experimental feature.
  checkpoint = torch.load(model_path, map_location='cpu')
/home/aviran/Alon/Thesis/FMatrixRegressor.py:341: FutureWarning: You are using `torch.load` with `weights_only=False` (the current default value), which uses the default pickle module implicitly. It is possible to construct malicious pickle data which will execute arbitrary code during unpickling (See https://github.com/pytorch/pytorch/blob/main/SECURITY.md#untrusted-models for more details). In a future release, the default value for `weights_only` will be flipped to `True`. This limits the functions that could be executed during unpickling. Arbitrary objects will no longer be allowed to be loaded via this mode unless they are explicitly allowlisted by the user via `torch.serialization.add_safe_globals`. We recommend you start setting `weights_only=True` for any use case where you don't have full control of the loaded file. Please open an issue on GitHub for any issues related to this experimental feature.
  checkpoint = torch.load(backup_path, map_location='cpu')
no model for plots/Stereo/Winners/SED_0.5__L2_1__huber_1__lr_0.0001__conv__Resnet__use_reconstruction_True/BS_8__ratio_0.015__mid__frozen_0
no model for plots/Stereo/Winners/SED_0.5__L2_1__huber_1__lr_0.0001__conv__Resnet__use_reconstruction_True/BS_8__ratio_0.015__tail__frozen_0
no model for plots/Stereo/Winners/SED_0.5__L2_1__huber_1__lr_0.0001__conv__Resnet__use_reconstruction_True/BS_8__ratio_0.025__mid__frozen_0
no model for plots/Stereo/Winners/SED_0.5__L2_1__huber_1__lr_0.0001__conv__Resnet__use_reconstruction_True/BS_8__ratio_0.025__tail__frozen_0
no model for plots/Stereo/Winners/SED_0.5__L2_1__huber_1__lr_0.0001__conv__Resnet__use_reconstruction_True/BS_8__ratio_0.0375__mid__frozen_0
no model for plots/Stereo/Winners/SED_0.5__L2_1__huber_1__lr_0.0001__conv__Resnet__use_reconstruction_True/BS_8__ratio_0.0375__tail__frozen_0
no model for plots/Stereo/Winners/SED_0.5__L2_1__huber_1__lr_0.0001__conv__Resnet__use_reconstruction_True/BS_8__ratio_0.05__mid__frozen_0
no model for plots/Stereo/Winners/SED_0.5__L2_1__huber_1__lr_0.0001__conv__Resnet__use_reconstruction_True/BS_8__ratio_0.05__tail__frozen_0
no model for plots/Stereo/Winners/SED_0.5__L2_1__huber_1__lr_0.0001__conv__Resnet__use_reconstruction_True/BS_8__ratio_0.015__mid__frozen_0__seed_300
no model for plots/Stereo/Winners/SED_0.5__L2_1__huber_1__lr_0.0001__conv__Resnet__use_reconstruction_True/BS_8__ratio_0.015__tail__frozen_0__seed_300
no model for plots/Stereo/Winners/SED_0.5__L2_1__huber_1__lr_0.0001__conv__Resnet__use_reconstruction_True/BS_8__ratio_0.025__mid__frozen_0__seed_300
no model for plots/Stereo/Winners/SED_0.5__L2_1__huber_1__lr_0.0001__conv__Resnet__use_reconstruction_True/BS_8__ratio_0.025__tail__frozen_0__seed_300
no model for plots/Stereo/Winners/SED_0.5__L2_1__huber_1__lr_0.0001__conv__Resnet__use_reconstruction_True/BS_8__ratio_0.0375__tail__frozen_0__seed_300
no model for plots/Stereo/Winners/SED_0.5__L2_1__huber_1__lr_0.0001__conv__Resnet__use_reconstruction_True/BS_8__ratio_0.05__mid__frozen_0__seed_300
no model for plots/Stereo/Winners/SED_0.5__L2_1__huber_1__lr_0.0001__conv__Resnet__use_reconstruction_True/BS_8__ratio_0.05__tail__frozen_0__seed_300
no model for plots/Stereo/Winners/SED_0.5__L2_1__huber_1__lr_0.0001__conv__Resnet__use_reconstruction_True/BS_8__ratio_0.015__mid__frozen_0__seed_500
no model for plots/Stereo/Winners/SED_0.5__L2_1__huber_1__lr_0.0001__conv__Resnet__use_reconstruction_True/BS_8__ratio_0.015__tail__frozen_0__seed_500
no model for plots/Stereo/Winners/SED_0.5__L2_1__huber_1__lr_0.0001__conv__Resnet__use_reconstruction_True/BS_8__ratio_0.025__mid__frozen_0__seed_500
Traceback (most recent call last):
  File "/home/aviran/Alon/Thesis/FMatrixRegressor.py", line 338, in load_model
    checkpoint = torch.load(model_path, map_location='cpu')
  File "/home/aviran/miniconda3/envs/alon_env/lib/python3.9/site-packages/torch/serialization.py", line 1072, in load
    with _open_zipfile_reader(opened_file) as opened_zipfile:
  File "/home/aviran/miniconda3/envs/alon_env/lib/python3.9/site-packages/torch/serialization.py", line 480, in __init__
    super().__init__(torch._C.PyTorchFileReader(name_or_buffer))
RuntimeError: PytorchStreamReader failed reading zip archive: failed finding central directory

During handling of the above exception, another exception occurred:

Traceback (most recent call last):
  File "/home/aviran/Alon/Thesis/Main.py", line 88, in <module>
    model = FMatrixRegressor(lr=lr, min_lr=MIN_LR, batch_size=batch_size, L2_coeff=L2_coeff, huber_coeff=huber_coeff, alg_coeff=alg_coeff, re1_coeff=re1_coeff, sed_coeff=sed_coeff, plots_path=plots_path, trained_vit=TRAINED_VIT, pretrained_path=PRETRAINED_PATH, num_epochs=num_epochs, frozen_layers=fl).to(device)
  File "/home/aviran/Alon/Thesis/FMatrixRegressor.py", line 92, in __init__
    self.load_model(path)
  File "/home/aviran/Alon/Thesis/FMatrixRegressor.py", line 341, in load_model
    checkpoint = torch.load(backup_path, map_location='cpu')
  File "/home/aviran/miniconda3/envs/alon_env/lib/python3.9/site-packages/torch/serialization.py", line 1065, in load
    with _open_file_like(f, 'rb') as opened_file:
  File "/home/aviran/miniconda3/envs/alon_env/lib/python3.9/site-packages/torch/serialization.py", line 468, in _open_file_like
    return _open_file(name_or_buffer, mode)
  File "/home/aviran/miniconda3/envs/alon_env/lib/python3.9/site-packages/torch/serialization.py", line 449, in __init__
    super().__init__(open(name, mode))
FileNotFoundError: [Errno 2] No such file or directory: 'plots/Stereo/Winners/SED_0.5__L2_1__huber_1__lr_0.0001__conv__Resnet__use_reconstruction_True/BS_8__ratio_0.025__tail__frozen_0__seed_500/backup_model.pth'
